{
  "stats": {
    "suites": 4,
    "tests": 12,
    "passes": 10,
    "pending": 0,
    "failures": 2,
    "start": "2023-12-02T15:48:34.651Z",
    "end": "2023-12-02T15:48:50.903Z",
    "duration": 16252,
    "testsRegistered": 12,
    "passPercent": 83.33333333333334,
    "pendingPercent": 0,
    "other": 0,
    "hasOther": false,
    "skipped": 0,
    "hasSkipped": false
  },
  "results": [
    {
      "uuid": "8961bafd-4de8-438c-a0f4-de2a30fc4657",
      "title": "",
      "fullFile": "cypress\\e2e\\spec.cy.js",
      "file": "cypress\\e2e\\spec.cy.js",
      "beforeHooks": [],
      "afterHooks": [],
      "tests": [],
      "suites": [
        {
          "uuid": "0247fddd-4551-45fc-928a-2df1eaf02e8b",
          "title": "template spec",
          "fullFile": "",
          "file": "",
          "beforeHooks": [],
          "afterHooks": [],
          "tests": [
            {
              "title": "passes",
              "fullTitle": "template spec passes",
              "timedOut": null,
              "duration": 2499,
              "state": "passed",
              "speed": "fast",
              "pass": true,
              "fail": false,
              "pending": false,
              "context": null,
              "code": "cy.visit('http://localhost:8080/esieaFront/');",
              "err": {},
              "uuid": "795616cc-f361-4057-b46e-175158f07ee0",
              "parentUUID": "0247fddd-4551-45fc-928a-2df1eaf02e8b",
              "isHook": false,
              "skipped": false
            }
          ],
          "suites": [],
          "passes": [
            "795616cc-f361-4057-b46e-175158f07ee0"
          ],
          "failures": [],
          "pending": [],
          "skipped": [],
          "duration": 2499,
          "root": false,
          "rootEmpty": false,
          "_timeout": 2000
        },
        {
          "uuid": "12d8d875-1b31-4fa3-a967-34f67aac513b",
          "title": "UTF-8 Encoding Test",
          "fullFile": "",
          "file": "",
          "beforeHooks": [],
          "afterHooks": [],
          "tests": [
            {
              "title": "Verifies page content is UTF-8 encoded",
              "fullTitle": "UTF-8 Encoding Test Verifies page content is UTF-8 encoded",
              "timedOut": null,
              "duration": 89,
              "state": "passed",
              "speed": "fast",
              "pass": true,
              "fail": false,
              "pending": false,
              "context": null,
              "code": "cy.visit('http://localhost:8080/esieaFront/'); // Replace with the URL of the page you want to test\ncy.document().then(doc => {\n  const textContent = doc.body.innerText;\n  function isUTF8(str) {\n    try {\n      new TextDecoder('utf-8').decode(new TextEncoder().encode(str));\n      return true;\n    } catch (error) {\n      return false;\n    }\n  }\n  expect(isUTF8(textContent)).to.equal(true);\n});",
              "err": {},
              "uuid": "334a13dc-fee8-4e8f-9e6b-1d1995779b48",
              "parentUUID": "12d8d875-1b31-4fa3-a967-34f67aac513b",
              "isHook": false,
              "skipped": false
            }
          ],
          "suites": [],
          "passes": [
            "334a13dc-fee8-4e8f-9e6b-1d1995779b48"
          ],
          "failures": [],
          "pending": [],
          "skipped": [],
          "duration": 89,
          "root": false,
          "rootEmpty": false,
          "_timeout": 2000
        },
        {
          "uuid": "6b3633fc-93f4-45f1-81a6-c02af7c5bd56",
          "title": "Car Management Application E2E Tests",
          "fullFile": "",
          "file": "",
          "beforeHooks": [],
          "afterHooks": [],
          "tests": [
            {
              "title": "Loads the application",
              "fullTitle": "Car Management Application E2E Tests Loads the application",
              "timedOut": null,
              "duration": 183,
              "state": "passed",
              "speed": "fast",
              "pass": true,
              "fail": false,
              "pending": false,
              "context": null,
              "code": "// Check if the title exists and contains the expected text\ncy.title().should('eq', 'Stock car');\n// Check if the header is present\ncy.contains('h2', 'Liste des voitures en stock').should('be.visible');\n// Check the initial content after page load\ncy.get('#conteneurSection').within(() => {\n  // Check if different sections are present\n  cy.get('#recherche').should('be.visible');\n  it('Simulates user actions', () => {\n    // Perform actions, for example, click on the 'Détails' link\n    cy.contains(a[onclick = \"afficherVoiture(5)\"]).click();\n    // Validate the change or resulting content after the action\n    // Example: Check if the content after clicking 'Détails' is visible\n    cy.get('#fiche').should('be.visible');\n    cy.get('#infos').should('be.visible');\n    cy.get('#divSupprimer').should('be.visible');\n  });\n  it('Simulates user actions', () => {\n    cy.get('#nouvelleVoiture').click();\n    cy.get('#nouvelle').should('be.visible');\n  });\n  cy.get('#marque').should('exist');\n  cy.get('#modele').should('exist');\n  cy.get('#nouvelleVoiture').should('exist').and('contain', 'Ajouter');\n});",
              "err": {},
              "uuid": "70f57b16-53e7-41df-888f-76032ef66b72",
              "parentUUID": "6b3633fc-93f4-45f1-81a6-c02af7c5bd56",
              "isHook": false,
              "skipped": false
            },
            {
              "title": "Simulates user actions",
              "fullTitle": "Car Management Application E2E Tests Simulates user actions",
              "timedOut": null,
              "duration": 203,
              "state": "passed",
              "speed": "fast",
              "pass": true,
              "fail": false,
              "pending": false,
              "context": null,
              "code": "cy.contains('#nav', 'Accueil').click();\ncy.get('#content').should('be.visible');",
              "err": {},
              "uuid": "6449f884-8dff-487e-bd53-a8881ce4aad6",
              "parentUUID": "6b3633fc-93f4-45f1-81a6-c02af7c5bd56",
              "isHook": false,
              "skipped": false
            },
            {
              "title": "Displays car details after clicking on \"Détails\"",
              "fullTitle": "Car Management Application E2E Tests Displays car details after clicking on \"Détails\"",
              "timedOut": null,
              "duration": 230,
              "state": "passed",
              "speed": "fast",
              "pass": true,
              "fail": false,
              "pending": false,
              "context": null,
              "code": "// Click on the \"Détails\" link for a specific car (replace 5 with the actual car ID)\ncy.contains('a', 'Détails').click();\n// Validate that the car details section is visible\ncy.get('#fiche').should('be.visible');\ncy.get('#infos').should('be.visible');\ncy.get('#divSupprimer').should('be.visible');",
              "err": {},
              "uuid": "924b03c3-0c50-4303-ad59-332105343009",
              "parentUUID": "6b3633fc-93f4-45f1-81a6-c02af7c5bd56",
              "isHook": false,
              "skipped": false
            },
            {
              "title": "Searches for a car and displays results",
              "fullTitle": "Car Management Application E2E Tests Searches for a car and displays results",
              "timedOut": null,
              "duration": 386,
              "state": "passed",
              "speed": "fast",
              "pass": true,
              "fail": false,
              "pending": false,
              "context": null,
              "code": "cy.get('#saisieRecherche').type('Toyota');\ncy.get('.rechercher').click();\ncy.get('#listeVoiture').should('be.visible');",
              "err": {},
              "uuid": "f44bf6bd-dab1-4451-bed3-73a070c4f035",
              "parentUUID": "6b3633fc-93f4-45f1-81a6-c02af7c5bd56",
              "isHook": false,
              "skipped": false
            },
            {
              "title": "Navigates to \"Ajouter une voiture\" page",
              "fullTitle": "Car Management Application E2E Tests Navigates to \"Ajouter une voiture\" page",
              "timedOut": null,
              "duration": 228,
              "state": "passed",
              "speed": "fast",
              "pass": true,
              "fail": false,
              "pending": false,
              "context": null,
              "code": "cy.contains('#nav', 'Ajouter une voiture').click();\ncy.get('#nouvelle').invoke('removeAttr', 'style');\ncy.get('#nouvelleVoiture').click({\n  force: true\n});",
              "err": {},
              "uuid": "4aa091c4-cdd4-4cab-88a3-40beb83b15d4",
              "parentUUID": "6b3633fc-93f4-45f1-81a6-c02af7c5bd56",
              "isHook": false,
              "skipped": false
            },
            {
              "title": "Adds a new car",
              "fullTitle": "Car Management Application E2E Tests Adds a new car",
              "timedOut": null,
              "duration": 1381,
              "state": "passed",
              "speed": "fast",
              "pass": true,
              "fail": false,
              "pending": false,
              "context": null,
              "code": "cy.contains('#nav', 'Ajouter une voiture').click();\ncy.get('#nouvelle').invoke('removeAttr', 'style');\ncy.get('#marque').type('Toyota', {\n  force: true\n});\ncy.get('#modele').type('Camry', {\n  force: true\n});\ncy.get('#finition').type('LE', {\n  force: true\n});\ncy.get('#carburant').select('E', {\n  force: true\n});\ncy.get('#km').type('50000', {\n  force: true\n});\ncy.get('#annee').type('2022', {\n  force: true\n});\ncy.get('#prix').type('25000', {\n  force: true\n});\ncy.get('#nouvelleVoiture').click({\n  force: true\n});",
              "err": {},
              "uuid": "9c03d115-14c2-490f-8201-fe1dee1ab8fb",
              "parentUUID": "6b3633fc-93f4-45f1-81a6-c02af7c5bd56",
              "isHook": false,
              "skipped": false
            }
          ],
          "suites": [],
          "passes": [
            "70f57b16-53e7-41df-888f-76032ef66b72",
            "6449f884-8dff-487e-bd53-a8881ce4aad6",
            "924b03c3-0c50-4303-ad59-332105343009",
            "f44bf6bd-dab1-4451-bed3-73a070c4f035",
            "4aa091c4-cdd4-4cab-88a3-40beb83b15d4",
            "9c03d115-14c2-490f-8201-fe1dee1ab8fb"
          ],
          "failures": [],
          "pending": [],
          "skipped": [],
          "duration": 2611,
          "root": false,
          "rootEmpty": false,
          "_timeout": 2000
        },
        {
          "uuid": "39b5433f-18aa-4277-8636-bcd8a6336111",
          "title": "Car Management Application - Responsive Testing",
          "fullFile": "",
          "file": "",
          "beforeHooks": [],
          "afterHooks": [],
          "tests": [
            {
              "title": "Adapts well to iphone-6",
              "fullTitle": "Car Management Application - Responsive Testing Adapts well to iphone-6",
              "timedOut": null,
              "duration": 4263,
              "state": "failed",
              "speed": null,
              "pass": false,
              "fail": true,
              "pending": false,
              "context": null,
              "code": "cy.viewport(viewport);\ncy.visit('http://localhost:8080/esieaFront/');\nswitch (viewport) {\n  case 'iphone-6':\n    cy.get('#logo').should('exist');\n    cy.contains('#nav', 'Accueil').should('exist');\n    cy.get('#logo').should('be.visible');\n    break;\n  case 'ipad-2':\n    cy.get('#content').should('exist');\n    cy.get('#saisieRecherche').should('be.visible');\n    cy.get('.rechercher').should('be.visible');\n    break;\n  case 'macbook-13':\n    cy.get('.pagination').should('exist');\n    cy.get('.rechercher').should('be.visible');\n    break;\n  case 'macbook-15':\n    cy.get('#conteneurSection').should('exist');\n    cy.get('#logo').should('be.visible');\n    break;\n  default:\n    // Default assertions\n    break;\n}",
              "err": {
                "message": "AssertionError: Timed out retrying after 4000ms: expected '<h1#logo>' to be 'visible'\n\nThis element `<h1#logo>` is not visible because it has CSS property: `display: none`",
                "estack": "AssertionError: Timed out retrying after 4000ms: expected '<h1#logo>' to be 'visible'\n\nThis element `<h1#logo>` is not visible because it has CSS property: `display: none`\n    at Context.eval (webpack://stockcar-frontend/./cypress/e2e/spec.cy.js:129:26)",
                "diff": null
              },
              "uuid": "d6d7d708-8702-4566-af44-6a8c57edf48d",
              "parentUUID": "39b5433f-18aa-4277-8636-bcd8a6336111",
              "isHook": false,
              "skipped": false
            },
            {
              "title": "Adapts well to ipad-2",
              "fullTitle": "Car Management Application - Responsive Testing Adapts well to ipad-2",
              "timedOut": null,
              "duration": 4257,
              "state": "failed",
              "speed": null,
              "pass": false,
              "fail": true,
              "pending": false,
              "context": null,
              "code": "cy.viewport(viewport);\ncy.visit('http://localhost:8080/esieaFront/');\nswitch (viewport) {\n  case 'iphone-6':\n    cy.get('#logo').should('exist');\n    cy.contains('#nav', 'Accueil').should('exist');\n    cy.get('#logo').should('be.visible');\n    break;\n  case 'ipad-2':\n    cy.get('#content').should('exist');\n    cy.get('#saisieRecherche').should('be.visible');\n    cy.get('.rechercher').should('be.visible');\n    break;\n  case 'macbook-13':\n    cy.get('.pagination').should('exist');\n    cy.get('.rechercher').should('be.visible');\n    break;\n  case 'macbook-15':\n    cy.get('#conteneurSection').should('exist');\n    cy.get('#logo').should('be.visible');\n    break;\n  default:\n    // Default assertions\n    break;\n}",
              "err": {
                "message": "AssertionError: Timed out retrying after 4000ms: expected '<input#saisieRecherche.text>' to be 'visible'\n\nThis element `<input#saisieRecherche.text>` is not visible because its ancestor has `position: fixed` CSS property and it is overflowed by other elements. How about scrolling to the element with `cy.scrollIntoView()`?",
                "estack": "AssertionError: Timed out retrying after 4000ms: expected '<input#saisieRecherche.text>' to be 'visible'\n\nThis element `<input#saisieRecherche.text>` is not visible because its ancestor has `position: fixed` CSS property and it is overflowed by other elements. How about scrolling to the element with `cy.scrollIntoView()`?\n    at Context.eval (webpack://stockcar-frontend/./cypress/e2e/spec.cy.js:134:37)",
                "diff": null
              },
              "uuid": "93e0a5b1-b944-42b9-93ab-c3c847edb812",
              "parentUUID": "39b5433f-18aa-4277-8636-bcd8a6336111",
              "isHook": false,
              "skipped": false
            },
            {
              "title": "Adapts well to macbook-13",
              "fullTitle": "Car Management Application - Responsive Testing Adapts well to macbook-13",
              "timedOut": null,
              "duration": 96,
              "state": "passed",
              "speed": "fast",
              "pass": true,
              "fail": false,
              "pending": false,
              "context": null,
              "code": "cy.viewport(viewport);\ncy.visit('http://localhost:8080/esieaFront/');\nswitch (viewport) {\n  case 'iphone-6':\n    cy.get('#logo').should('exist');\n    cy.contains('#nav', 'Accueil').should('exist');\n    cy.get('#logo').should('be.visible');\n    break;\n  case 'ipad-2':\n    cy.get('#content').should('exist');\n    cy.get('#saisieRecherche').should('be.visible');\n    cy.get('.rechercher').should('be.visible');\n    break;\n  case 'macbook-13':\n    cy.get('.pagination').should('exist');\n    cy.get('.rechercher').should('be.visible');\n    break;\n  case 'macbook-15':\n    cy.get('#conteneurSection').should('exist');\n    cy.get('#logo').should('be.visible');\n    break;\n  default:\n    // Default assertions\n    break;\n}",
              "err": {},
              "uuid": "7f7d7697-1840-45ce-a58d-062e86b3f8f1",
              "parentUUID": "39b5433f-18aa-4277-8636-bcd8a6336111",
              "isHook": false,
              "skipped": false
            },
            {
              "title": "Adapts well to macbook-15",
              "fullTitle": "Car Management Application - Responsive Testing Adapts well to macbook-15",
              "timedOut": null,
              "duration": 81,
              "state": "passed",
              "speed": "fast",
              "pass": true,
              "fail": false,
              "pending": false,
              "context": null,
              "code": "cy.viewport(viewport);\ncy.visit('http://localhost:8080/esieaFront/');\nswitch (viewport) {\n  case 'iphone-6':\n    cy.get('#logo').should('exist');\n    cy.contains('#nav', 'Accueil').should('exist');\n    cy.get('#logo').should('be.visible');\n    break;\n  case 'ipad-2':\n    cy.get('#content').should('exist');\n    cy.get('#saisieRecherche').should('be.visible');\n    cy.get('.rechercher').should('be.visible');\n    break;\n  case 'macbook-13':\n    cy.get('.pagination').should('exist');\n    cy.get('.rechercher').should('be.visible');\n    break;\n  case 'macbook-15':\n    cy.get('#conteneurSection').should('exist');\n    cy.get('#logo').should('be.visible');\n    break;\n  default:\n    // Default assertions\n    break;\n}",
              "err": {},
              "uuid": "d3908d83-4fec-44d1-8542-94cd86d59f72",
              "parentUUID": "39b5433f-18aa-4277-8636-bcd8a6336111",
              "isHook": false,
              "skipped": false
            }
          ],
          "suites": [],
          "passes": [
            "7f7d7697-1840-45ce-a58d-062e86b3f8f1",
            "d3908d83-4fec-44d1-8542-94cd86d59f72"
          ],
          "failures": [
            "d6d7d708-8702-4566-af44-6a8c57edf48d",
            "93e0a5b1-b944-42b9-93ab-c3c847edb812"
          ],
          "pending": [],
          "skipped": [],
          "duration": 8697,
          "root": false,
          "rootEmpty": false,
          "_timeout": 2000
        }
      ],
      "passes": [],
      "failures": [],
      "pending": [],
      "skipped": [],
      "duration": 0,
      "root": true,
      "rootEmpty": true,
      "_timeout": 2000
    }
  ],
  "meta": {
    "mocha": {
      "version": "7.0.1"
    },
    "mochawesome": {
      "options": {
        "quiet": false,
        "reportFilename": "mochawesome",
        "saveHtml": true,
        "saveJson": true,
        "consoleReporter": "spec",
        "useInlineDiffs": false,
        "code": true
      },
      "version": "7.1.3"
    },
    "marge": {
      "options": {
        "id": "default",
        "reportDir": "test-results/mochawesome",
        "overwrite": false,
        "html": true,
        "json": true
      },
      "version": "6.2.0"
    }
  }
}