{
  "stats": {
    "suites": 4,
    "tests": 12,
    "passes": 10,
    "pending": 0,
    "failures": 2,
    "start": "2023-11-29T15:25:19.714Z",
    "end": "2023-11-29T15:25:39.215Z",
    "duration": 19501,
    "testsRegistered": 12,
    "passPercent": 83.33333333333334,
    "pendingPercent": 0,
    "other": 0,
    "hasOther": false,
    "skipped": 0,
    "hasSkipped": false
  },
  "results": [
    {
      "uuid": "dc1d3aab-15a0-4ba3-831f-f8d3e1b71748",
      "title": "",
      "fullFile": "cypress\\e2e\\spec.cy.js",
      "file": "cypress\\e2e\\spec.cy.js",
      "beforeHooks": [],
      "afterHooks": [],
      "tests": [],
      "suites": [
        {
          "uuid": "a9aad623-21c1-4767-9d00-cb0506ea36ba",
          "title": "template spec",
          "fullFile": "",
          "file": "",
          "beforeHooks": [],
          "afterHooks": [],
          "tests": [
            {
              "title": "passes",
              "fullTitle": "template spec passes",
              "timedOut": null,
              "duration": 2473,
              "state": "passed",
              "speed": "fast",
              "pass": true,
              "fail": false,
              "pending": false,
              "context": null,
              "code": "cy.visit('http://localhost:8080/esieaFront/');",
              "err": {},
              "uuid": "5c0535bf-aca3-434d-a1fb-4de67d3d2e3c",
              "parentUUID": "a9aad623-21c1-4767-9d00-cb0506ea36ba",
              "isHook": false,
              "skipped": false
            }
          ],
          "suites": [],
          "passes": [
            "5c0535bf-aca3-434d-a1fb-4de67d3d2e3c"
          ],
          "failures": [],
          "pending": [],
          "skipped": [],
          "duration": 2473,
          "root": false,
          "rootEmpty": false,
          "_timeout": 2000
        },
        {
          "uuid": "e004e01c-4f13-40bc-bf33-4dee05362f3e",
          "title": "UTF-8 Encoding Test",
          "fullFile": "",
          "file": "",
          "beforeHooks": [],
          "afterHooks": [],
          "tests": [
            {
              "title": "Verifies page content is UTF-8 encoded",
              "fullTitle": "UTF-8 Encoding Test Verifies page content is UTF-8 encoded",
              "timedOut": null,
              "duration": 133,
              "state": "passed",
              "speed": "fast",
              "pass": true,
              "fail": false,
              "pending": false,
              "context": null,
              "code": "cy.visit('http://localhost:8080/esieaFront/'); // Replace with the URL of the page you want to test\ncy.document().then(doc => {\n  const textContent = doc.body.innerText;\n  function isUTF8(str) {\n    try {\n      new TextDecoder('utf-8').decode(new TextEncoder().encode(str));\n      return true;\n    } catch (error) {\n      return false;\n    }\n  }\n  expect(isUTF8(textContent)).to.equal(true);\n});",
              "err": {},
              "uuid": "cadca404-40a4-4878-a673-3a21bc907096",
              "parentUUID": "e004e01c-4f13-40bc-bf33-4dee05362f3e",
              "isHook": false,
              "skipped": false
            }
          ],
          "suites": [],
          "passes": [
            "cadca404-40a4-4878-a673-3a21bc907096"
          ],
          "failures": [],
          "pending": [],
          "skipped": [],
          "duration": 133,
          "root": false,
          "rootEmpty": false,
          "_timeout": 2000
        },
        {
          "uuid": "15e49ee5-3ea6-462f-b362-167dab7d02c0",
          "title": "Car Management Application E2E Tests",
          "fullFile": "",
          "file": "",
          "beforeHooks": [],
          "afterHooks": [],
          "tests": [
            {
              "title": "Loads the application",
              "fullTitle": "Car Management Application E2E Tests Loads the application",
              "timedOut": null,
              "duration": 489,
              "state": "passed",
              "speed": "fast",
              "pass": true,
              "fail": false,
              "pending": false,
              "context": null,
              "code": "// Check if the title exists and contains the expected text\ncy.title().should('eq', 'Stock car');\n// Check if the header is present\ncy.contains('h2', 'Liste des voitures en stock').should('be.visible');\n// Check the initial content after page load\ncy.get('#conteneurSection').within(() => {\n  // Check if different sections are present\n  cy.get('#recherche').should('be.visible');\n  it('Simulates user actions', () => {\n    // Perform actions, for example, click on the 'Détails' link\n    cy.contains(a[onclick = \"afficherVoiture(5)\"]).click();\n    // Validate the change or resulting content after the action\n    // Example: Check if the content after clicking 'Détails' is visible\n    cy.get('#fiche').should('be.visible');\n    cy.get('#infos').should('be.visible');\n    cy.get('#divSupprimer').should('be.visible');\n  });\n  it('Simulates user actions', () => {\n    cy.get('#nouvelleVoiture').click();\n    cy.get('#nouvelle').should('be.visible');\n  });\n  cy.get('#marque').should('exist');\n  cy.get('#modele').should('exist');\n  cy.get('#nouvelleVoiture').should('exist').and('contain', 'Ajouter');\n});",
              "err": {},
              "uuid": "3a91cbc8-1a6a-460d-925f-e309766b8e20",
              "parentUUID": "15e49ee5-3ea6-462f-b362-167dab7d02c0",
              "isHook": false,
              "skipped": false
            },
            {
              "title": "Simulates user actions",
              "fullTitle": "Car Management Application E2E Tests Simulates user actions",
              "timedOut": null,
              "duration": 295,
              "state": "passed",
              "speed": "fast",
              "pass": true,
              "fail": false,
              "pending": false,
              "context": null,
              "code": "cy.contains('#nav', 'Accueil').click();\ncy.get('#content').should('be.visible');",
              "err": {},
              "uuid": "3b3d941d-ae36-4d5b-ae37-b6f62d2e2095",
              "parentUUID": "15e49ee5-3ea6-462f-b362-167dab7d02c0",
              "isHook": false,
              "skipped": false
            },
            {
              "title": "Displays car details after clicking on \"Détails\"",
              "fullTitle": "Car Management Application E2E Tests Displays car details after clicking on \"Détails\"",
              "timedOut": null,
              "duration": 323,
              "state": "passed",
              "speed": "fast",
              "pass": true,
              "fail": false,
              "pending": false,
              "context": null,
              "code": "// Click on the \"Détails\" link for a specific car (replace 5 with the actual car ID)\ncy.contains('a', 'Détails').click();\n// Validate that the car details section is visible\ncy.get('#fiche').should('be.visible');\ncy.get('#infos').should('be.visible');\ncy.get('#divSupprimer').should('be.visible');",
              "err": {},
              "uuid": "17284e0b-a0d3-477e-a1a8-5dbf9f44c4a1",
              "parentUUID": "15e49ee5-3ea6-462f-b362-167dab7d02c0",
              "isHook": false,
              "skipped": false
            },
            {
              "title": "Searches for a car and displays results",
              "fullTitle": "Car Management Application E2E Tests Searches for a car and displays results",
              "timedOut": null,
              "duration": 452,
              "state": "passed",
              "speed": "fast",
              "pass": true,
              "fail": false,
              "pending": false,
              "context": null,
              "code": "cy.get('#saisieRecherche').type('Toyota');\ncy.get('.rechercher').click();\ncy.get('#listeVoiture').should('be.visible');",
              "err": {},
              "uuid": "fde08545-c92d-41be-a224-93eaa04904cb",
              "parentUUID": "15e49ee5-3ea6-462f-b362-167dab7d02c0",
              "isHook": false,
              "skipped": false
            },
            {
              "title": "Navigates to \"Ajouter une voiture\" page",
              "fullTitle": "Car Management Application E2E Tests Navigates to \"Ajouter une voiture\" page",
              "timedOut": null,
              "duration": 288,
              "state": "passed",
              "speed": "fast",
              "pass": true,
              "fail": false,
              "pending": false,
              "context": null,
              "code": "cy.contains('#nav', 'Ajouter une voiture').click();\ncy.get('#nouvelle').invoke('removeAttr', 'style');\ncy.get('#nouvelleVoiture').click({\n  force: true\n});",
              "err": {},
              "uuid": "549410e9-b7c9-46a4-b17b-b1d3262eb3a1",
              "parentUUID": "15e49ee5-3ea6-462f-b362-167dab7d02c0",
              "isHook": false,
              "skipped": false
            },
            {
              "title": "Adds a new car",
              "fullTitle": "Car Management Application E2E Tests Adds a new car",
              "timedOut": null,
              "duration": 1633,
              "state": "passed",
              "speed": "fast",
              "pass": true,
              "fail": false,
              "pending": false,
              "context": null,
              "code": "cy.contains('#nav', 'Ajouter une voiture').click();\ncy.get('#nouvelle').invoke('removeAttr', 'style');\ncy.get('#marque').type('Toyota', {\n  force: true\n});\ncy.get('#modele').type('Camry', {\n  force: true\n});\ncy.get('#finition').type('LE', {\n  force: true\n});\ncy.get('#carburant').select('E', {\n  force: true\n});\ncy.get('#km').type('50000', {\n  force: true\n});\ncy.get('#annee').type('2022', {\n  force: true\n});\ncy.get('#prix').type('25000', {\n  force: true\n});\ncy.get('#nouvelleVoiture').click({\n  force: true\n});",
              "err": {},
              "uuid": "c7da845d-b3f9-48d2-9491-648c913b929b",
              "parentUUID": "15e49ee5-3ea6-462f-b362-167dab7d02c0",
              "isHook": false,
              "skipped": false
            }
          ],
          "suites": [],
          "passes": [
            "3a91cbc8-1a6a-460d-925f-e309766b8e20",
            "3b3d941d-ae36-4d5b-ae37-b6f62d2e2095",
            "17284e0b-a0d3-477e-a1a8-5dbf9f44c4a1",
            "fde08545-c92d-41be-a224-93eaa04904cb",
            "549410e9-b7c9-46a4-b17b-b1d3262eb3a1",
            "c7da845d-b3f9-48d2-9491-648c913b929b"
          ],
          "failures": [],
          "pending": [],
          "skipped": [],
          "duration": 3480,
          "root": false,
          "rootEmpty": false,
          "_timeout": 2000
        },
        {
          "uuid": "e20aa224-33b5-438a-9a57-3fb5bfa6ad22",
          "title": "Car Management Application - Responsive Testing",
          "fullFile": "",
          "file": "",
          "beforeHooks": [],
          "afterHooks": [],
          "tests": [
            {
              "title": "Adapts well to iphone-6",
              "fullTitle": "Car Management Application - Responsive Testing Adapts well to iphone-6",
              "timedOut": null,
              "duration": 4585,
              "state": "failed",
              "speed": null,
              "pass": false,
              "fail": true,
              "pending": false,
              "context": null,
              "code": "cy.viewport(viewport);\ncy.visit('http://localhost:8080/esieaFront/');\nswitch (viewport) {\n  case 'iphone-6':\n    cy.get('#logo').should('exist');\n    cy.contains('#nav', 'Accueil').should('exist');\n    cy.get('#logo').should('be.visible');\n    break;\n  case 'ipad-2':\n    cy.get('#content').should('exist');\n    cy.get('#saisieRecherche').should('be.visible');\n    cy.get('.rechercher').should('be.visible');\n    break;\n  case 'macbook-13':\n    cy.get('.pagination').should('exist');\n    cy.get('.rechercher').should('be.visible');\n    break;\n  case 'macbook-15':\n    cy.get('#conteneurSection').should('exist');\n    cy.get('#logo').should('be.visible');\n    break;\n  default:\n    // Default assertions\n    break;\n}",
              "err": {
                "message": "AssertionError: Timed out retrying after 4000ms: expected '<h1#logo>' to be 'visible'\n\nThis element `<h1#logo>` is not visible because it has CSS property: `display: none`",
                "estack": "AssertionError: Timed out retrying after 4000ms: expected '<h1#logo>' to be 'visible'\n\nThis element `<h1#logo>` is not visible because it has CSS property: `display: none`\n    at Context.eval (webpack://stockcar-frontend/./cypress/e2e/spec.cy.js:129:26)",
                "diff": null
              },
              "uuid": "a96fb41d-b838-44eb-88f0-613a678ba0e5",
              "parentUUID": "e20aa224-33b5-438a-9a57-3fb5bfa6ad22",
              "isHook": false,
              "skipped": false
            },
            {
              "title": "Adapts well to ipad-2",
              "fullTitle": "Car Management Application - Responsive Testing Adapts well to ipad-2",
              "timedOut": null,
              "duration": 4275,
              "state": "failed",
              "speed": null,
              "pass": false,
              "fail": true,
              "pending": false,
              "context": null,
              "code": "cy.viewport(viewport);\ncy.visit('http://localhost:8080/esieaFront/');\nswitch (viewport) {\n  case 'iphone-6':\n    cy.get('#logo').should('exist');\n    cy.contains('#nav', 'Accueil').should('exist');\n    cy.get('#logo').should('be.visible');\n    break;\n  case 'ipad-2':\n    cy.get('#content').should('exist');\n    cy.get('#saisieRecherche').should('be.visible');\n    cy.get('.rechercher').should('be.visible');\n    break;\n  case 'macbook-13':\n    cy.get('.pagination').should('exist');\n    cy.get('.rechercher').should('be.visible');\n    break;\n  case 'macbook-15':\n    cy.get('#conteneurSection').should('exist');\n    cy.get('#logo').should('be.visible');\n    break;\n  default:\n    // Default assertions\n    break;\n}",
              "err": {
                "message": "AssertionError: Timed out retrying after 4000ms: expected '<input#saisieRecherche.text>' to be 'visible'\n\nThis element `<input#saisieRecherche.text>` is not visible because its ancestor has `position: fixed` CSS property and it is overflowed by other elements. How about scrolling to the element with `cy.scrollIntoView()`?",
                "estack": "AssertionError: Timed out retrying after 4000ms: expected '<input#saisieRecherche.text>' to be 'visible'\n\nThis element `<input#saisieRecherche.text>` is not visible because its ancestor has `position: fixed` CSS property and it is overflowed by other elements. How about scrolling to the element with `cy.scrollIntoView()`?\n    at Context.eval (webpack://stockcar-frontend/./cypress/e2e/spec.cy.js:134:37)",
                "diff": null
              },
              "uuid": "e8ee522f-606c-42ed-8768-213466d4c29b",
              "parentUUID": "e20aa224-33b5-438a-9a57-3fb5bfa6ad22",
              "isHook": false,
              "skipped": false
            },
            {
              "title": "Adapts well to macbook-13",
              "fullTitle": "Car Management Application - Responsive Testing Adapts well to macbook-13",
              "timedOut": null,
              "duration": 105,
              "state": "passed",
              "speed": "fast",
              "pass": true,
              "fail": false,
              "pending": false,
              "context": null,
              "code": "cy.viewport(viewport);\ncy.visit('http://localhost:8080/esieaFront/');\nswitch (viewport) {\n  case 'iphone-6':\n    cy.get('#logo').should('exist');\n    cy.contains('#nav', 'Accueil').should('exist');\n    cy.get('#logo').should('be.visible');\n    break;\n  case 'ipad-2':\n    cy.get('#content').should('exist');\n    cy.get('#saisieRecherche').should('be.visible');\n    cy.get('.rechercher').should('be.visible');\n    break;\n  case 'macbook-13':\n    cy.get('.pagination').should('exist');\n    cy.get('.rechercher').should('be.visible');\n    break;\n  case 'macbook-15':\n    cy.get('#conteneurSection').should('exist');\n    cy.get('#logo').should('be.visible');\n    break;\n  default:\n    // Default assertions\n    break;\n}",
              "err": {},
              "uuid": "1662a351-9a0e-493d-a534-70dd7a0fde4c",
              "parentUUID": "e20aa224-33b5-438a-9a57-3fb5bfa6ad22",
              "isHook": false,
              "skipped": false
            },
            {
              "title": "Adapts well to macbook-15",
              "fullTitle": "Car Management Application - Responsive Testing Adapts well to macbook-15",
              "timedOut": null,
              "duration": 93,
              "state": "passed",
              "speed": "fast",
              "pass": true,
              "fail": false,
              "pending": false,
              "context": null,
              "code": "cy.viewport(viewport);\ncy.visit('http://localhost:8080/esieaFront/');\nswitch (viewport) {\n  case 'iphone-6':\n    cy.get('#logo').should('exist');\n    cy.contains('#nav', 'Accueil').should('exist');\n    cy.get('#logo').should('be.visible');\n    break;\n  case 'ipad-2':\n    cy.get('#content').should('exist');\n    cy.get('#saisieRecherche').should('be.visible');\n    cy.get('.rechercher').should('be.visible');\n    break;\n  case 'macbook-13':\n    cy.get('.pagination').should('exist');\n    cy.get('.rechercher').should('be.visible');\n    break;\n  case 'macbook-15':\n    cy.get('#conteneurSection').should('exist');\n    cy.get('#logo').should('be.visible');\n    break;\n  default:\n    // Default assertions\n    break;\n}",
              "err": {},
              "uuid": "410a4f50-b9a6-4d76-a94f-2ef350514407",
              "parentUUID": "e20aa224-33b5-438a-9a57-3fb5bfa6ad22",
              "isHook": false,
              "skipped": false
            }
          ],
          "suites": [],
          "passes": [
            "1662a351-9a0e-493d-a534-70dd7a0fde4c",
            "410a4f50-b9a6-4d76-a94f-2ef350514407"
          ],
          "failures": [
            "a96fb41d-b838-44eb-88f0-613a678ba0e5",
            "e8ee522f-606c-42ed-8768-213466d4c29b"
          ],
          "pending": [],
          "skipped": [],
          "duration": 9058,
          "root": false,
          "rootEmpty": false,
          "_timeout": 2000
        }
      ],
      "passes": [],
      "failures": [],
      "pending": [],
      "skipped": [],
      "duration": 0,
      "root": true,
      "rootEmpty": true,
      "_timeout": 2000
    }
  ],
  "meta": {
    "mocha": {
      "version": "7.0.1"
    },
    "mochawesome": {
      "options": {
        "quiet": false,
        "reportFilename": "mochawesome",
        "saveHtml": true,
        "saveJson": true,
        "consoleReporter": "spec",
        "useInlineDiffs": false,
        "code": true
      },
      "version": "7.1.3"
    },
    "marge": {
      "options": {
        "id": "default",
        "reportDir": "test-results/mochawesome",
        "overwrite": false,
        "html": true,
        "json": true
      },
      "version": "6.2.0"
    }
  }
}