{
  "stats": {
    "suites": 1,
    "tests": 6,
    "passes": 6,
    "pending": 0,
    "failures": 0,
    "start": "2023-11-29T15:24:59.631Z",
    "end": "2023-11-29T15:25:15.702Z",
    "duration": 16071,
    "testsRegistered": 6,
    "passPercent": 100,
    "pendingPercent": 0,
    "other": 0,
    "hasOther": false,
    "skipped": 0,
    "hasSkipped": false
  },
  "results": [
    {
      "uuid": "0ee928e7-b3fa-4487-a700-60d757e91d79",
      "title": "",
      "fullFile": "cypress\\e2e\\integration.cy.js",
      "file": "cypress\\e2e\\integration.cy.js",
      "beforeHooks": [],
      "afterHooks": [],
      "tests": [],
      "suites": [
        {
          "uuid": "62b7abe5-7d00-4eef-8b95-3c45b91b1c4a",
          "title": "Tests d'intégration",
          "fullFile": "",
          "file": "",
          "beforeHooks": [],
          "afterHooks": [],
          "tests": [
            {
              "title": "Fonction accueil",
              "fullTitle": "Tests d'intégration Fonction accueil",
              "timedOut": null,
              "duration": 3517,
              "state": "passed",
              "speed": "fast",
              "pass": true,
              "fail": false,
              "pending": false,
              "context": null,
              "code": "// Utiliser la fonction accueil\ncy.window().invoke('accueil');\n// Vérifier que les éléments attendus sont présents ou cachés\ncy.get('#saisieRecherche').should('have.value', '');\ncy.get('#nouvelle').should('be.hidden');\ncy.get('#listeVoitureTable').should('exist');",
              "err": {},
              "uuid": "c19f57b4-d8a0-4b43-85ba-b52954c822f4",
              "parentUUID": "62b7abe5-7d00-4eef-8b95-3c45b91b1c4a",
              "isHook": false,
              "skipped": false
            },
            {
              "title": "Fonction afficherTableauListeVoitures",
              "fullTitle": "Tests d'intégration Fonction afficherTableauListeVoitures",
              "timedOut": null,
              "duration": 311,
              "state": "passed",
              "speed": "fast",
              "pass": true,
              "fail": false,
              "pending": false,
              "context": null,
              "code": "// Intercepter la requête\ncy.intercept('GET', config.urlBack + '/voiture/get/all/0/5').as('getVoitures');\n// Utiliser la fonction afficherTableauListeVoitures\ncy.window().then(win => {\n  win.afficherTableauListeVoitures(1);\n});\n// Attendre que la requête interceptée se produise\ncy.wait('@getVoitures', {\n  timeout: 5000\n}).should('have.property', 'response');\n// Vérifier que les éléments attendus sont présents\ncy.get('#listeVoitureTable').should('exist');\ncy.get('#nouvelle').should('be.hidden');",
              "err": {},
              "uuid": "d3bc4ca1-84eb-4a18-90a4-1e8e3811b01d",
              "parentUUID": "62b7abe5-7d00-4eef-8b95-3c45b91b1c4a",
              "isHook": false,
              "skipped": false
            },
            {
              "title": "Affiche correctement le tableau avec les données reçues de l'API",
              "fullTitle": "Tests d'intégration Affiche correctement le tableau avec les données reçues de l'API",
              "timedOut": null,
              "duration": 674,
              "state": "passed",
              "speed": "fast",
              "pass": true,
              "fail": false,
              "pending": false,
              "context": null,
              "code": "cy.intercept('GET', config.urlBack + '/voiture/get/all/0/5', {\n  fixture: 'voitures.json'\n}).as('getVoitures');\ncy.visit('http://localhost:8080/esieaFront/');\ncy.wait('@getVoitures').then(() => {\n  // Vérification que le tableau est affiché avec les bonnes données après le premier chargement\n  cy.get('#listeVoitureTable').should('exist');\n  // Ajouter une pause pour déboguer après le premier chargement\n  // Visite de nouveau la même URL\n  cy.visit('http://localhost:8080/esieaFront/');\n  cy.wait('@getVoitures').then(() => {\n    // Vérification que le tableau est affiché avec les bonnes données après le deuxième chargement\n    cy.get('#listeVoitureTable').should('exist');\n    // Ajouter une autre pause pour déboguer après le deuxième chargement\n  });\n});",
              "err": {},
              "uuid": "c8fd346e-35d7-40da-9dc8-cb0557b72da6",
              "parentUUID": "62b7abe5-7d00-4eef-8b95-3c45b91b1c4a",
              "isHook": false,
              "skipped": false
            },
            {
              "title": "Effectue une recherche de voitures",
              "fullTitle": "Tests d'intégration Effectue une recherche de voitures",
              "timedOut": null,
              "duration": 765,
              "state": "passed",
              "speed": "fast",
              "pass": true,
              "fail": false,
              "pending": false,
              "context": null,
              "code": "cy.visit('http://localhost:8080/esieaFront/');\n// Scroll vers le champ de saisie de recherche\ncy.get('#saisieRecherche').scrollIntoView().type('to');\ncy.get('.rechercher.button').click();\n// Assure-toi que des résultats sont affichés dans le tableau des voitures\ncy.get('#listeVoitureTable tbody tr').should('have.length.greaterThan', 0);",
              "err": {},
              "uuid": "8397a6ff-d0d5-4b4d-a2cb-95cab95267a9",
              "parentUUID": "62b7abe5-7d00-4eef-8b95-3c45b91b1c4a",
              "isHook": false,
              "skipped": false
            },
            {
              "title": "Ajout d'une voiture via l'interface",
              "fullTitle": "Tests d'intégration Ajout d'une voiture via l'interface",
              "timedOut": null,
              "duration": 4887,
              "state": "passed",
              "speed": "fast",
              "pass": true,
              "fail": false,
              "pending": false,
              "context": null,
              "code": "// Se rendre sur la page d'accueil\ncy.visit('http://localhost:8080/esieaFront/');\ncy.window().then(win => {\n  win.afficherFormulaireCreation();\n});\ncy.wait(1000);\n// Afficher le formulaire d'ajout d'une voiture\ncy.get('#nouvelle').invoke('show');\ntimestamp = Date.now();\n// Remplir le formulaire d'ajout d'une voiture\ncy.get('#marque').type(timestamp);\ncy.get('#modele').type(timestamp);\ncy.get('#finition').type('Sport');\ncy.get('#carburant').select('Essence');\ncy.get('#km').type('50000');\ncy.get('#annee').type('2020');\ncy.get('#prix').type('15000');\n// Envoyer le formulaire\ncy.get('#nouvelleVoiture').click();\n// Vérifier le message de confirmation\ncy.get('#snackbar_ajout').should('exist');\n// Vérifier que la voiture ajoutée apparaît dans la liste\ncy.get('#saisieRecherche').scrollIntoView().type(timestamp);\ncy.get('.rechercher.button').click();\ncy.get('#listeVoitureTable tbody tr').should('have.length.greaterThan', 0);\ncy.contains('#listeVoitureTable tbody tr td', timestamp).should('exist');",
              "err": {},
              "uuid": "b55221b3-25f7-4e5e-82a7-a5dfd7f7ac33",
              "parentUUID": "62b7abe5-7d00-4eef-8b95-3c45b91b1c4a",
              "isHook": false,
              "skipped": false
            },
            {
              "title": "Supprime une voiture de la liste",
              "fullTitle": "Tests d'intégration Supprime une voiture de la liste",
              "timedOut": null,
              "duration": 2024,
              "state": "passed",
              "speed": "fast",
              "pass": true,
              "fail": false,
              "pending": false,
              "context": null,
              "code": "cy.visit('http://localhost:8080/esieaFront/');\ncy.get('#saisieRecherche').scrollIntoView().type(timestamp);\ncy.get('.rechercher.button').click();\n// Trouver une voiture existante et supprimer\ncy.contains('#listeVoitureTable tbody tr', timestamp).find('td').contains('a', 'Détails').click();\ncy.get('#divSupprimer button').click();\n// Vérifier le message de confirmation\ncy.get('#snackbar_suppression').should('contain', 'La voiture a été supprimée');\n// Vérifier que la voiture n'est plus dans la liste\ncy.contains('.voiture-item', timestamp).should('not.exist');",
              "err": {},
              "uuid": "102cb341-5fdb-4119-a6ab-a164c781b3d8",
              "parentUUID": "62b7abe5-7d00-4eef-8b95-3c45b91b1c4a",
              "isHook": false,
              "skipped": false
            }
          ],
          "suites": [],
          "passes": [
            "c19f57b4-d8a0-4b43-85ba-b52954c822f4",
            "d3bc4ca1-84eb-4a18-90a4-1e8e3811b01d",
            "c8fd346e-35d7-40da-9dc8-cb0557b72da6",
            "8397a6ff-d0d5-4b4d-a2cb-95cab95267a9",
            "b55221b3-25f7-4e5e-82a7-a5dfd7f7ac33",
            "102cb341-5fdb-4119-a6ab-a164c781b3d8"
          ],
          "failures": [],
          "pending": [],
          "skipped": [],
          "duration": 12178,
          "root": false,
          "rootEmpty": false,
          "_timeout": 2000
        }
      ],
      "passes": [],
      "failures": [],
      "pending": [],
      "skipped": [],
      "duration": 0,
      "root": true,
      "rootEmpty": true,
      "_timeout": 2000
    }
  ],
  "meta": {
    "mocha": {
      "version": "7.0.1"
    },
    "mochawesome": {
      "options": {
        "quiet": false,
        "reportFilename": "mochawesome",
        "saveHtml": true,
        "saveJson": true,
        "consoleReporter": "spec",
        "useInlineDiffs": false,
        "code": true
      },
      "version": "7.1.3"
    },
    "marge": {
      "options": {
        "id": "default",
        "reportDir": "test-results/mochawesome",
        "overwrite": false,
        "html": true,
        "json": true
      },
      "version": "6.2.0"
    }
  }
}