{
  "stats": {
    "suites": 4,
    "tests": 12,
    "passes": 10,
    "pending": 0,
    "failures": 2,
    "start": "2023-11-27T09:46:29.939Z",
    "end": "2023-11-27T09:46:48.347Z",
    "duration": 18408,
    "testsRegistered": 12,
    "passPercent": 83.33333333333334,
    "pendingPercent": 0,
    "other": 0,
    "hasOther": false,
    "skipped": 0,
    "hasSkipped": false
  },
  "results": [
    {
      "uuid": "07e589a1-4611-41f6-828d-6de28a0de6f4",
      "title": "",
      "fullFile": "cypress\\e2e\\spec.cy.js",
      "file": "cypress\\e2e\\spec.cy.js",
      "beforeHooks": [],
      "afterHooks": [],
      "tests": [],
      "suites": [
        {
          "uuid": "db1cd16d-ecc3-4304-bfa9-139f3b73d1de",
          "title": "template spec",
          "fullFile": "",
          "file": "",
          "beforeHooks": [],
          "afterHooks": [],
          "tests": [
            {
              "title": "passes",
              "fullTitle": "template spec passes",
              "timedOut": null,
              "duration": 3063,
              "state": "passed",
              "speed": "fast",
              "pass": true,
              "fail": false,
              "pending": false,
              "context": null,
              "code": "cy.visit('http://localhost:8080/esieaFront/');",
              "err": {},
              "uuid": "1430a11e-b7fd-4691-ac2e-df622c8d686a",
              "parentUUID": "db1cd16d-ecc3-4304-bfa9-139f3b73d1de",
              "isHook": false,
              "skipped": false
            }
          ],
          "suites": [],
          "passes": [
            "1430a11e-b7fd-4691-ac2e-df622c8d686a"
          ],
          "failures": [],
          "pending": [],
          "skipped": [],
          "duration": 3063,
          "root": false,
          "rootEmpty": false,
          "_timeout": 2000
        },
        {
          "uuid": "7f0a0e94-734e-4848-aa87-e3c20bd5875c",
          "title": "UTF-8 Encoding Test",
          "fullFile": "",
          "file": "",
          "beforeHooks": [],
          "afterHooks": [],
          "tests": [
            {
              "title": "Verifies page content is UTF-8 encoded",
              "fullTitle": "UTF-8 Encoding Test Verifies page content is UTF-8 encoded",
              "timedOut": null,
              "duration": 131,
              "state": "passed",
              "speed": "fast",
              "pass": true,
              "fail": false,
              "pending": false,
              "context": null,
              "code": "cy.visit('http://localhost:8080/esieaFront/'); // Replace with the URL of the page you want to test\ncy.document().then(doc => {\n  const textContent = doc.body.innerText;\n  // Function to check if the string is valid UTF-8\n  function isUTF8(str) {\n    try {\n      new TextDecoder('utf-8').decode(new TextEncoder().encode(str));\n      return true;\n    } catch (error) {\n      return false;\n    }\n  }\n  // Check if the entire page's text content is in valid UTF-8 encoding\n  expect(isUTF8(textContent)).to.equal(true);\n});",
              "err": {},
              "uuid": "863c59c2-6873-4640-90d3-d8067bc5baf5",
              "parentUUID": "7f0a0e94-734e-4848-aa87-e3c20bd5875c",
              "isHook": false,
              "skipped": false
            }
          ],
          "suites": [],
          "passes": [
            "863c59c2-6873-4640-90d3-d8067bc5baf5"
          ],
          "failures": [],
          "pending": [],
          "skipped": [],
          "duration": 131,
          "root": false,
          "rootEmpty": false,
          "_timeout": 2000
        },
        {
          "uuid": "343b35de-cf6e-40ca-8591-96a5da93e97a",
          "title": "Car Management Application E2E Tests",
          "fullFile": "",
          "file": "",
          "beforeHooks": [],
          "afterHooks": [],
          "tests": [
            {
              "title": "Loads the application",
              "fullTitle": "Car Management Application E2E Tests Loads the application",
              "timedOut": null,
              "duration": 261,
              "state": "passed",
              "speed": "fast",
              "pass": true,
              "fail": false,
              "pending": false,
              "context": null,
              "code": "// Check if the title exists and contains the expected text\ncy.title().should('eq', 'Stock car');\n// Check if the header is present\ncy.contains('h2', 'Liste des voitures en stock').should('be.visible');\n// Check the initial content after page load\ncy.get('#conteneurSection').within(() => {\n  // Check if different sections are present\n  cy.get('#recherche').should('be.visible');\n  it('Simulates user actions', () => {\n    // Perform actions, for example, click on the 'Détails' link\n    cy.contains(a[onclick = \"afficherVoiture(5)\"]).click();\n    // Validate the change or resulting content after the action\n    // Example: Check if the content after clicking 'Détails' is visible\n    cy.get('#fiche').should('be.visible');\n    cy.get('#infos').should('be.visible');\n    cy.get('#divSupprimer').should('be.visible');\n  });\n  it('Simulates user actions', () => {\n    cy.get('#nouvelleVoiture').click();\n    cy.get('#nouvelle').should('be.visible');\n  });\n  cy.get('#marque').should('exist');\n  cy.get('#modele').should('exist');\n  cy.get('#nouvelleVoiture').should('exist').and('contain', 'Ajouter');\n});",
              "err": {},
              "uuid": "e6f46b7c-815c-41f0-9b4a-4203108249e2",
              "parentUUID": "343b35de-cf6e-40ca-8591-96a5da93e97a",
              "isHook": false,
              "skipped": false
            },
            {
              "title": "Simulates user actions",
              "fullTitle": "Car Management Application E2E Tests Simulates user actions",
              "timedOut": null,
              "duration": 212,
              "state": "passed",
              "speed": "fast",
              "pass": true,
              "fail": false,
              "pending": false,
              "context": null,
              "code": "cy.contains('#nav', 'Accueil').click();\ncy.get('#content').should('be.visible');",
              "err": {},
              "uuid": "1ff9400b-a162-4156-8531-ca4629b4c4aa",
              "parentUUID": "343b35de-cf6e-40ca-8591-96a5da93e97a",
              "isHook": false,
              "skipped": false
            },
            {
              "title": "Displays car details after clicking on \"Détails\"",
              "fullTitle": "Car Management Application E2E Tests Displays car details after clicking on \"Détails\"",
              "timedOut": null,
              "duration": 354,
              "state": "passed",
              "speed": "fast",
              "pass": true,
              "fail": false,
              "pending": false,
              "context": null,
              "code": "// Click on the \"Détails\" link for a specific car (replace 5 with the actual car ID)\ncy.contains('a', 'Détails').click();\n// Validate that the car details section is visible\ncy.get('#fiche').should('be.visible');\ncy.get('#infos').should('be.visible');\ncy.get('#divSupprimer').should('be.visible');",
              "err": {},
              "uuid": "675d742e-1127-4e61-bf3c-311ce22e7a41",
              "parentUUID": "343b35de-cf6e-40ca-8591-96a5da93e97a",
              "isHook": false,
              "skipped": false
            },
            {
              "title": "Searches for a car and displays results",
              "fullTitle": "Car Management Application E2E Tests Searches for a car and displays results",
              "timedOut": null,
              "duration": 511,
              "state": "passed",
              "speed": "fast",
              "pass": true,
              "fail": false,
              "pending": false,
              "context": null,
              "code": "cy.get('#saisieRecherche').type('Toyota');\ncy.get('.rechercher').click();\ncy.get('#listeVoiture').should('be.visible');",
              "err": {},
              "uuid": "c9d1aee9-4dbd-4df9-9358-4ad71614ccd5",
              "parentUUID": "343b35de-cf6e-40ca-8591-96a5da93e97a",
              "isHook": false,
              "skipped": false
            },
            {
              "title": "Navigates to \"Ajouter une voiture\" page",
              "fullTitle": "Car Management Application E2E Tests Navigates to \"Ajouter une voiture\" page",
              "timedOut": null,
              "duration": 316,
              "state": "passed",
              "speed": "fast",
              "pass": true,
              "fail": false,
              "pending": false,
              "context": null,
              "code": "cy.contains('#nav', 'Ajouter une voiture').click();\ncy.get('#nouvelle').invoke('removeAttr', 'style');\ncy.get('#nouvelleVoiture').click({\n  force: true\n});",
              "err": {},
              "uuid": "731fb585-38a5-4300-a9af-baeec3c6ca9f",
              "parentUUID": "343b35de-cf6e-40ca-8591-96a5da93e97a",
              "isHook": false,
              "skipped": false
            },
            {
              "title": "Adds a new car",
              "fullTitle": "Car Management Application E2E Tests Adds a new car",
              "timedOut": null,
              "duration": 1571,
              "state": "passed",
              "speed": "fast",
              "pass": true,
              "fail": false,
              "pending": false,
              "context": null,
              "code": "cy.contains('#nav', 'Ajouter une voiture').click();\ncy.get('#nouvelle').invoke('removeAttr', 'style');\ncy.get('#marque').type('Toyota', {\n  force: true\n});\ncy.get('#modele').type('Camry', {\n  force: true\n});\ncy.get('#finition').type('LE', {\n  force: true\n});\ncy.get('#carburant').select('E', {\n  force: true\n});\ncy.get('#km').type('50000', {\n  force: true\n});\ncy.get('#annee').type('2022', {\n  force: true\n});\ncy.get('#prix').type('25000', {\n  force: true\n});\ncy.get('#nouvelleVoiture').click({\n  force: true\n});",
              "err": {},
              "uuid": "202a7c8c-f043-49b4-ab5e-8cec55588029",
              "parentUUID": "343b35de-cf6e-40ca-8591-96a5da93e97a",
              "isHook": false,
              "skipped": false
            }
          ],
          "suites": [],
          "passes": [
            "e6f46b7c-815c-41f0-9b4a-4203108249e2",
            "1ff9400b-a162-4156-8531-ca4629b4c4aa",
            "675d742e-1127-4e61-bf3c-311ce22e7a41",
            "c9d1aee9-4dbd-4df9-9358-4ad71614ccd5",
            "731fb585-38a5-4300-a9af-baeec3c6ca9f",
            "202a7c8c-f043-49b4-ab5e-8cec55588029"
          ],
          "failures": [],
          "pending": [],
          "skipped": [],
          "duration": 3225,
          "root": false,
          "rootEmpty": false,
          "_timeout": 2000
        },
        {
          "uuid": "3441732b-a605-4b51-a525-7bd61920930e",
          "title": "Car Management Application - Responsive Testing",
          "fullFile": "",
          "file": "",
          "beforeHooks": [],
          "afterHooks": [],
          "tests": [
            {
              "title": "Adapts well to iphone-6",
              "fullTitle": "Car Management Application - Responsive Testing Adapts well to iphone-6",
              "timedOut": null,
              "duration": 4694,
              "state": "failed",
              "speed": null,
              "pass": false,
              "fail": true,
              "pending": false,
              "context": null,
              "code": "cy.viewport(viewport);\ncy.visit('http://localhost:8080/esieaFront/'); // Replace with the path to your HTML file\n// Perform assertions based on the responsiveness\n// Check elements and layout as per the specific viewport\nswitch (viewport) {\n  case 'iphone-6':\n    cy.get('#logo').should('exist');\n    cy.contains('#nav', 'Accueil').should('exist');\n    cy.get('#logo').should('be.visible');\n    break;\n  case 'ipad-2':\n    cy.get('#content').should('exist');\n    cy.get('#saisieRecherche').should('be.visible');\n    cy.get('.rechercher').should('be.visible');\n    // Add specific assertions for iPad 2\n    break;\n  case 'macbook-13':\n    cy.get('.pagination').should('exist');\n    // Add specific assertions for 13\" MacBook\n    break;\n  case 'macbook-15':\n    cy.get('#conteneurSection').should('exist');\n    // Add specific assertions for 15\" MacBook\n    break;\n  default:\n    // Default assertions\n    break;\n}",
              "err": {
                "message": "AssertionError: Timed out retrying after 4000ms: expected '<h1#logo>' to be 'visible'\n\nThis element `<h1#logo>` is not visible because it has CSS property: `display: none`",
                "estack": "AssertionError: Timed out retrying after 4000ms: expected '<h1#logo>' to be 'visible'\n\nThis element `<h1#logo>` is not visible because it has CSS property: `display: none`\n    at Context.eval (webpack://stockcar-frontend/./cypress/e2e/spec.cy.js:132:26)",
                "diff": null
              },
              "uuid": "1e7baa47-7f7b-40f2-b7da-f825d4d1c76c",
              "parentUUID": "3441732b-a605-4b51-a525-7bd61920930e",
              "isHook": false,
              "skipped": false
            },
            {
              "title": "Adapts well to ipad-2",
              "fullTitle": "Car Management Application - Responsive Testing Adapts well to ipad-2",
              "timedOut": null,
              "duration": 4338,
              "state": "failed",
              "speed": null,
              "pass": false,
              "fail": true,
              "pending": false,
              "context": null,
              "code": "cy.viewport(viewport);\ncy.visit('http://localhost:8080/esieaFront/'); // Replace with the path to your HTML file\n// Perform assertions based on the responsiveness\n// Check elements and layout as per the specific viewport\nswitch (viewport) {\n  case 'iphone-6':\n    cy.get('#logo').should('exist');\n    cy.contains('#nav', 'Accueil').should('exist');\n    cy.get('#logo').should('be.visible');\n    break;\n  case 'ipad-2':\n    cy.get('#content').should('exist');\n    cy.get('#saisieRecherche').should('be.visible');\n    cy.get('.rechercher').should('be.visible');\n    // Add specific assertions for iPad 2\n    break;\n  case 'macbook-13':\n    cy.get('.pagination').should('exist');\n    // Add specific assertions for 13\" MacBook\n    break;\n  case 'macbook-15':\n    cy.get('#conteneurSection').should('exist');\n    // Add specific assertions for 15\" MacBook\n    break;\n  default:\n    // Default assertions\n    break;\n}",
              "err": {
                "message": "AssertionError: Timed out retrying after 4000ms: expected '<input#saisieRecherche.text>' to be 'visible'\n\nThis element `<input#saisieRecherche.text>` is not visible because its ancestor has `position: fixed` CSS property and it is overflowed by other elements. How about scrolling to the element with `cy.scrollIntoView()`?",
                "estack": "AssertionError: Timed out retrying after 4000ms: expected '<input#saisieRecherche.text>' to be 'visible'\n\nThis element `<input#saisieRecherche.text>` is not visible because its ancestor has `position: fixed` CSS property and it is overflowed by other elements. How about scrolling to the element with `cy.scrollIntoView()`?\n    at Context.eval (webpack://stockcar-frontend/./cypress/e2e/spec.cy.js:137:37)",
                "diff": null
              },
              "uuid": "afc69486-6216-402e-ad32-a75a2eca25bc",
              "parentUUID": "3441732b-a605-4b51-a525-7bd61920930e",
              "isHook": false,
              "skipped": false
            },
            {
              "title": "Adapts well to macbook-13",
              "fullTitle": "Car Management Application - Responsive Testing Adapts well to macbook-13",
              "timedOut": null,
              "duration": 128,
              "state": "passed",
              "speed": "fast",
              "pass": true,
              "fail": false,
              "pending": false,
              "context": null,
              "code": "cy.viewport(viewport);\ncy.visit('http://localhost:8080/esieaFront/'); // Replace with the path to your HTML file\n// Perform assertions based on the responsiveness\n// Check elements and layout as per the specific viewport\nswitch (viewport) {\n  case 'iphone-6':\n    cy.get('#logo').should('exist');\n    cy.contains('#nav', 'Accueil').should('exist');\n    cy.get('#logo').should('be.visible');\n    break;\n  case 'ipad-2':\n    cy.get('#content').should('exist');\n    cy.get('#saisieRecherche').should('be.visible');\n    cy.get('.rechercher').should('be.visible');\n    // Add specific assertions for iPad 2\n    break;\n  case 'macbook-13':\n    cy.get('.pagination').should('exist');\n    // Add specific assertions for 13\" MacBook\n    break;\n  case 'macbook-15':\n    cy.get('#conteneurSection').should('exist');\n    // Add specific assertions for 15\" MacBook\n    break;\n  default:\n    // Default assertions\n    break;\n}",
              "err": {},
              "uuid": "0454d8f2-2e9c-4301-8128-3eaa957b05c6",
              "parentUUID": "3441732b-a605-4b51-a525-7bd61920930e",
              "isHook": false,
              "skipped": false
            },
            {
              "title": "Adapts well to macbook-15",
              "fullTitle": "Car Management Application - Responsive Testing Adapts well to macbook-15",
              "timedOut": null,
              "duration": 107,
              "state": "passed",
              "speed": "fast",
              "pass": true,
              "fail": false,
              "pending": false,
              "context": null,
              "code": "cy.viewport(viewport);\ncy.visit('http://localhost:8080/esieaFront/'); // Replace with the path to your HTML file\n// Perform assertions based on the responsiveness\n// Check elements and layout as per the specific viewport\nswitch (viewport) {\n  case 'iphone-6':\n    cy.get('#logo').should('exist');\n    cy.contains('#nav', 'Accueil').should('exist');\n    cy.get('#logo').should('be.visible');\n    break;\n  case 'ipad-2':\n    cy.get('#content').should('exist');\n    cy.get('#saisieRecherche').should('be.visible');\n    cy.get('.rechercher').should('be.visible');\n    // Add specific assertions for iPad 2\n    break;\n  case 'macbook-13':\n    cy.get('.pagination').should('exist');\n    // Add specific assertions for 13\" MacBook\n    break;\n  case 'macbook-15':\n    cy.get('#conteneurSection').should('exist');\n    // Add specific assertions for 15\" MacBook\n    break;\n  default:\n    // Default assertions\n    break;\n}",
              "err": {},
              "uuid": "941722bb-a731-4b71-b0f9-bebb3197e3ba",
              "parentUUID": "3441732b-a605-4b51-a525-7bd61920930e",
              "isHook": false,
              "skipped": false
            }
          ],
          "suites": [],
          "passes": [
            "0454d8f2-2e9c-4301-8128-3eaa957b05c6",
            "941722bb-a731-4b71-b0f9-bebb3197e3ba"
          ],
          "failures": [
            "1e7baa47-7f7b-40f2-b7da-f825d4d1c76c",
            "afc69486-6216-402e-ad32-a75a2eca25bc"
          ],
          "pending": [],
          "skipped": [],
          "duration": 9267,
          "root": false,
          "rootEmpty": false,
          "_timeout": 2000
        }
      ],
      "passes": [],
      "failures": [],
      "pending": [],
      "skipped": [],
      "duration": 0,
      "root": true,
      "rootEmpty": true,
      "_timeout": 2000
    }
  ],
  "meta": {
    "mocha": {
      "version": "7.0.1"
    },
    "mochawesome": {
      "options": {
        "quiet": false,
        "reportFilename": "mochawesome",
        "saveHtml": false,
        "saveJson": true,
        "consoleReporter": "spec",
        "useInlineDiffs": false,
        "code": true
      },
      "version": "7.1.3"
    },
    "marge": {
      "options": {
        "reportDir": "cypress/results",
        "overwrite": false,
        "html": false,
        "json": true
      },
      "version": "6.2.0"
    }
  }
}