{
  "stats": {
    "suites": 1,
    "tests": 7,
    "passes": 7,
    "pending": 0,
    "failures": 0,
    "start": "2023-12-02T15:47:44.439Z",
    "end": "2023-12-02T15:47:51.063Z",
    "duration": 6624,
    "testsRegistered": 7,
    "passPercent": 100,
    "pendingPercent": 0,
    "other": 0,
    "hasOther": false,
    "skipped": 0,
    "hasSkipped": false
  },
  "results": [
    {
      "uuid": "381b4494-9eb6-464f-ac90-af7d1954df0e",
      "title": "",
      "fullFile": "cypress\\e2e\\front.cy.js",
      "file": "cypress\\e2e\\front.cy.js",
      "beforeHooks": [],
      "afterHooks": [],
      "tests": [],
      "suites": [
        {
          "uuid": "18ef1205-96b4-4147-9775-a37f2c858994",
          "title": "Affichage de la page",
          "fullFile": "",
          "file": "",
          "beforeHooks": [],
          "afterHooks": [],
          "tests": [
            {
              "title": "Element titre et sous titre doivent s'afficher correctement",
              "fullTitle": "Affichage de la page Element titre et sous titre doivent s'afficher correctement",
              "timedOut": null,
              "duration": 3026,
              "state": "passed",
              "speed": "fast",
              "pass": true,
              "fail": false,
              "pending": false,
              "context": null,
              "code": "// Vérifier la présence du titre et sous-titre\ncy.get('h2').should('contain', 'Liste des voitures en stock');\ncy.get('p').should('contain', 'Cette page recence les voitues disponibles dans la base');",
              "err": {},
              "uuid": "27fabd95-4f4b-4c0b-a818-6f2a2669a9df",
              "parentUUID": "18ef1205-96b4-4147-9775-a37f2c858994",
              "isHook": false,
              "skipped": false
            },
            {
              "title": "Le bouton \"Ajouter voiture\" doit être clickable et afficher le formulaire de nouvelle voiture",
              "fullTitle": "Affichage de la page Le bouton \"Ajouter voiture\" doit être clickable et afficher le formulaire de nouvelle voiture",
              "timedOut": null,
              "duration": 221,
              "state": "passed",
              "speed": "fast",
              "pass": true,
              "fail": false,
              "pending": false,
              "context": null,
              "code": "// Clique sur le lien du formulaire\ncy.contains('Ajouter une voiture').click();\n// Vérifie que la liste\ncy.get('form').should('be.visible');",
              "err": {},
              "uuid": "99ec393b-a762-4058-852a-34f2c7b6313a",
              "parentUUID": "18ef1205-96b4-4147-9775-a37f2c858994",
              "isHook": false,
              "skipped": false
            },
            {
              "title": "Lancement recherche",
              "fullTitle": "Affichage de la page Lancement recherche",
              "timedOut": null,
              "duration": 532,
              "state": "passed",
              "speed": "fast",
              "pass": true,
              "fail": false,
              "pending": false,
              "context": null,
              "code": "// Faire une recherche\ncy.get('#saisieRecherche').type('Nom de la voiture');\n// Cliquez sur le bouton de recherche\ncy.get('.rechercher').click();",
              "err": {},
              "uuid": "ca8391b9-37b1-4ad0-a864-04075016d5fe",
              "parentUUID": "18ef1205-96b4-4147-9775-a37f2c858994",
              "isHook": false,
              "skipped": false
            },
            {
              "title": "Le bouton page précédente doit etre clickable",
              "fullTitle": "Affichage de la page Le bouton page précédente doit etre clickable",
              "timedOut": null,
              "duration": 151,
              "state": "passed",
              "speed": "fast",
              "pass": true,
              "fail": false,
              "pending": false,
              "context": null,
              "code": "cy.get('.pagination .button.previous').click();",
              "err": {},
              "uuid": "bbc796d7-6ca0-4fd3-8809-79065d6244c7",
              "parentUUID": "18ef1205-96b4-4147-9775-a37f2c858994",
              "isHook": false,
              "skipped": false
            },
            {
              "title": "Le bouton page suivante doit etre clickable",
              "fullTitle": "Affichage de la page Le bouton page suivante doit etre clickable",
              "timedOut": null,
              "duration": 162,
              "state": "passed",
              "speed": "fast",
              "pass": true,
              "fail": false,
              "pending": false,
              "context": null,
              "code": "cy.get('.pagination .button.next').click();",
              "err": {},
              "uuid": "66354c75-e72b-49f1-b8dd-0f2cd8c2f47f",
              "parentUUID": "18ef1205-96b4-4147-9775-a37f2c858994",
              "isHook": false,
              "skipped": false
            },
            {
              "title": "Le logo doit être présent",
              "fullTitle": "Affichage de la page Le logo doit être présent",
              "timedOut": null,
              "duration": 82,
              "state": "passed",
              "speed": "fast",
              "pass": true,
              "fail": false,
              "pending": false,
              "context": null,
              "code": "cy.get('#logo').should('exist');\ncy.get('#logo img').should('have.attr', 'src', 'logo.jpg');",
              "err": {},
              "uuid": "31f4f207-dcb0-43e1-b4b0-19d5c317f4be",
              "parentUUID": "18ef1205-96b4-4147-9775-a37f2c858994",
              "isHook": false,
              "skipped": false
            },
            {
              "title": "Le menu acceuil doit être clickable et envoyer vers la page acceuil",
              "fullTitle": "Affichage de la page Le menu acceuil doit être clickable et envoyer vers la page acceuil",
              "timedOut": null,
              "duration": 164,
              "state": "passed",
              "speed": "fast",
              "pass": true,
              "fail": false,
              "pending": false,
              "context": null,
              "code": "cy.contains('Accueil').click();\ncy.url().should('include', '/#');",
              "err": {},
              "uuid": "fe8d11cc-8b24-43f2-a2ad-99a5c8caa751",
              "parentUUID": "18ef1205-96b4-4147-9775-a37f2c858994",
              "isHook": false,
              "skipped": false
            }
          ],
          "suites": [],
          "passes": [
            "27fabd95-4f4b-4c0b-a818-6f2a2669a9df",
            "99ec393b-a762-4058-852a-34f2c7b6313a",
            "ca8391b9-37b1-4ad0-a864-04075016d5fe",
            "bbc796d7-6ca0-4fd3-8809-79065d6244c7",
            "66354c75-e72b-49f1-b8dd-0f2cd8c2f47f",
            "31f4f207-dcb0-43e1-b4b0-19d5c317f4be",
            "fe8d11cc-8b24-43f2-a2ad-99a5c8caa751"
          ],
          "failures": [],
          "pending": [],
          "skipped": [],
          "duration": 4338,
          "root": false,
          "rootEmpty": false,
          "_timeout": 2000
        }
      ],
      "passes": [],
      "failures": [],
      "pending": [],
      "skipped": [],
      "duration": 0,
      "root": true,
      "rootEmpty": true,
      "_timeout": 2000
    }
  ],
  "meta": {
    "mocha": {
      "version": "7.0.1"
    },
    "mochawesome": {
      "options": {
        "quiet": false,
        "reportFilename": "mochawesome",
        "saveHtml": true,
        "saveJson": true,
        "consoleReporter": "spec",
        "useInlineDiffs": false,
        "code": true
      },
      "version": "7.1.3"
    },
    "marge": {
      "options": {
        "reporterEnabled": "mocha-junit-reporters, mochawesome",
        "mochaJunitReportersReporterOptions": {
          "mochaFile": "test-results/junit/test-results2.[hash].xml",
          "toConsole": true
        },
        "mochawesomeReporterOptions": {
          "reportDir": "test-results/mochawesome",
          "overwrite": false,
          "html": true,
          "json": true
        }
      },
      "version": "6.2.0"
    }
  }
}